[2m2026-03-12T09:55:34.311484Z[0m [33m WARN[0m [2mralph::loop_runner[0m[2m:[0m Interactive mode requested but stdout is not a TTY, falling back to autonomous
[2m2026-03-12T09:55:34.316495Z[0m [32m INFO[0m [2mralph_core::event_loop[0m[2m:[0m Memory injection check: enabled=true, inject=Auto, workspace_root="/Users/po4yka/GitRep/runatal-ios"
[2m2026-03-12T09:55:34.316509Z[0m [32m INFO[0m [2mralph_core::event_loop[0m[2m:[0m Looking for memories at: "/Users/po4yka/GitRep/runatal-ios/.ralph/agent/memories.md" (exists: false)
[2m2026-03-12T09:55:34.316515Z[0m [32m INFO[0m [2mralph_core::event_loop[0m[2m:[0m Successfully loaded 0 memories from store
[2m2026-03-12T09:55:34.316519Z[0m [32m INFO[0m [2mralph_core::event_loop[0m[2m:[0m Memory store is empty - no memories to inject
[2m2026-03-12T10:01:06.344255Z[0m [32m INFO[0m [2mralph_core::event_loop[0m[2m:[0m Memory injection check: enabled=true, inject=Auto, workspace_root="/Users/po4yka/GitRep/runatal-ios"
[2m2026-03-12T10:01:06.344601Z[0m [32m INFO[0m [2mralph_core::event_loop[0m[2m:[0m Looking for memories at: "/Users/po4yka/GitRep/runatal-ios/.ralph/agent/memories.md" (exists: true)
[2m2026-03-12T10:01:06.347017Z[0m [32m INFO[0m [2mralph_core::event_loop[0m[2m:[0m Successfully loaded 1 memories from store
[2m2026-03-12T10:01:06.347032Z[0m [32m INFO[0m [2mralph_core::event_loop[0m[2m:[0m Injecting 1 memories (380 chars) into prompt
[2m2026-03-12T10:01:06.347257Z[0m [32m INFO[0m [2mralph_core::event_loop[0m[2m:[0m Injecting scratchpad (1763 chars) into prompt
[2m2026-03-12T10:01:06.347480Z[0m [32m INFO[0m [2mralph_core::event_loop[0m[2m:[0m Injecting ready tasks (3 ready, 3 open, 1 closed) into prompt
[2m2026-03-12T10:06:09.094112Z[0m [32m INFO[0m [2mralph_core::event_loop[0m[2m:[0m Memory injection check: enabled=true, inject=Auto, workspace_root="/Users/po4yka/GitRep/runatal-ios"
[2m2026-03-12T10:06:09.094448Z[0m [32m INFO[0m [2mralph_core::event_loop[0m[2m:[0m Looking for memories at: "/Users/po4yka/GitRep/runatal-ios/.ralph/agent/memories.md" (exists: true)
[2m2026-03-12T10:06:09.094997Z[0m [32m INFO[0m [2mralph_core::event_loop[0m[2m:[0m Successfully loaded 2 memories from store
[2m2026-03-12T10:06:09.095030Z[0m [32m INFO[0m [2mralph_core::event_loop[0m[2m:[0m Injecting 2 memories (837 chars) into prompt
[2m2026-03-12T10:06:09.095374Z[0m [32m INFO[0m [2mralph_core::event_loop[0m[2m:[0m Injecting scratchpad (2391 chars) into prompt
[2m2026-03-12T10:06:09.095733Z[0m [32m INFO[0m [2mralph_core::event_loop[0m[2m:[0m Injecting ready tasks (2 ready, 2 open, 2 closed) into prompt
[2m2026-03-12T10:10:26.374305Z[0m [32m INFO[0m [2mralph_core::event_loop[0m[2m:[0m Memory injection check: enabled=true, inject=Auto, workspace_root="/Users/po4yka/GitRep/runatal-ios"
[2m2026-03-12T10:10:26.374658Z[0m [32m INFO[0m [2mralph_core::event_loop[0m[2m:[0m Looking for memories at: "/Users/po4yka/GitRep/runatal-ios/.ralph/agent/memories.md" (exists: true)
[2m2026-03-12T10:10:26.375569Z[0m [32m INFO[0m [2mralph_core::event_loop[0m[2m:[0m Successfully loaded 3 memories from store
[2m2026-03-12T10:10:26.375595Z[0m [32m INFO[0m [2mralph_core::event_loop[0m[2m:[0m Injecting 3 memories (1277 chars) into prompt
[2m2026-03-12T10:10:26.375799Z[0m [32m INFO[0m [2mralph_core::event_loop[0m[2m:[0m Injecting scratchpad (2895 chars) into prompt
[2m2026-03-12T10:10:26.376089Z[0m [32m INFO[0m [2mralph_core::event_loop[0m[2m:[0m Injecting ready tasks (1 ready, 1 open, 3 closed) into prompt
[2m2026-03-12T10:13:44.927085Z[0m [32m INFO[0m [2mralph_core::event_loop[0m[2m:[0m Memory injection check: enabled=true, inject=Auto, workspace_root="/Users/po4yka/GitRep/runatal-ios"
[2m2026-03-12T10:13:44.927623Z[0m [32m INFO[0m [2mralph_core::event_loop[0m[2m:[0m Looking for memories at: "/Users/po4yka/GitRep/runatal-ios/.ralph/agent/memories.md" (exists: true)
[2m2026-03-12T10:13:44.927968Z[0m [32m INFO[0m [2mralph_core::event_loop[0m[2m:[0m Successfully loaded 4 memories from store
[2m2026-03-12T10:13:44.928012Z[0m [32m INFO[0m [2mralph_core::event_loop[0m[2m:[0m Injecting 4 memories (1555 chars) into prompt
[2m2026-03-12T10:13:44.928126Z[0m [32m INFO[0m [2mralph_core::event_loop[0m[2m:[0m Injecting scratchpad (3395 chars) into prompt
[2m2026-03-12T10:13:44.928506Z[0m [32m INFO[0m [2mralph_core::event_loop[0m[2m:[0m Injecting ready tasks (0 ready, 0 open, 4 closed) into prompt
[2m2026-03-12T10:19:13.769373Z[0m [32m INFO[0m [2mralph_core::event_loop[0m[2m:[0m Memory injection check: enabled=true, inject=Auto, workspace_root="/Users/po4yka/GitRep/runatal-ios"
[2m2026-03-12T10:19:13.769592Z[0m [32m INFO[0m [2mralph_core::event_loop[0m[2m:[0m Looking for memories at: "/Users/po4yka/GitRep/runatal-ios/.ralph/agent/memories.md" (exists: true)
[2m2026-03-12T10:19:13.769922Z[0m [32m INFO[0m [2mralph_core::event_loop[0m[2m:[0m Successfully loaded 5 memories from store
[2m2026-03-12T10:19:13.769942Z[0m [32m INFO[0m [2mralph_core::event_loop[0m[2m:[0m Injecting 5 memories (2055 chars) into prompt
[2m2026-03-12T10:19:13.770148Z[0m [32m INFO[0m [2mralph_core::event_loop[0m[2m:[0m Injecting scratchpad (4333 chars) into prompt
[2m2026-03-12T10:19:13.770385Z[0m [32m INFO[0m [2mralph_core::event_loop[0m[2m:[0m Injecting ready tasks (0 ready, 0 open, 5 closed) into prompt
[2m2026-03-12T10:27:15.006196Z[0m [32m INFO[0m [2mralph_core::event_loop[0m[2m:[0m Memory injection check: enabled=true, inject=Auto, workspace_root="/Users/po4yka/GitRep/runatal-ios"
[2m2026-03-12T10:27:15.006570Z[0m [32m INFO[0m [2mralph_core::event_loop[0m[2m:[0m Looking for memories at: "/Users/po4yka/GitRep/runatal-ios/.ralph/agent/memories.md" (exists: true)
[2m2026-03-12T10:27:15.007025Z[0m [32m INFO[0m [2mralph_core::event_loop[0m[2m:[0m Successfully loaded 5 memories from store
[2m2026-03-12T10:27:15.007077Z[0m [32m INFO[0m [2mralph_core::event_loop[0m[2m:[0m Injecting 5 memories (2055 chars) into prompt
[2m2026-03-12T10:27:15.007399Z[0m [32m INFO[0m [2mralph_core::event_loop[0m[2m:[0m Injecting scratchpad (5263 chars) into prompt
[2m2026-03-12T10:27:15.008963Z[0m [32m INFO[0m [2mralph_core::event_loop[0m[2m:[0m Injecting ready tasks (4 ready, 4 open, 6 closed) into prompt
[2m2026-03-12T10:33:12.166376Z[0m [32m INFO[0m [2mralph_core::event_loop[0m[2m:[0m Memory injection check: enabled=true, inject=Auto, workspace_root="/Users/po4yka/GitRep/runatal-ios"
[2m2026-03-12T10:33:12.166706Z[0m [32m INFO[0m [2mralph_core::event_loop[0m[2m:[0m Looking for memories at: "/Users/po4yka/GitRep/runatal-ios/.ralph/agent/memories.md" (exists: true)
[2m2026-03-12T10:33:12.167019Z[0m [32m INFO[0m [2mralph_core::event_loop[0m[2m:[0m Successfully loaded 5 memories from store
[2m2026-03-12T10:33:12.167039Z[0m [32m INFO[0m [2mralph_core::event_loop[0m[2m:[0m Injecting 5 memories (2055 chars) into prompt
[2m2026-03-12T10:33:12.167230Z[0m [32m INFO[0m [2mralph_core::event_loop[0m[2m:[0m Injecting scratchpad (5986 chars) into prompt
[2m2026-03-12T10:33:12.167482Z[0m [32m INFO[0m [2mralph_core::event_loop[0m[2m:[0m Injecting ready tasks (3 ready, 3 open, 7 closed) into prompt
[2m2026-03-12T10:39:34.150807Z[0m [32m INFO[0m [2mralph_core::event_loop[0m[2m:[0m Memory injection check: enabled=true, inject=Auto, workspace_root="/Users/po4yka/GitRep/runatal-ios"
[2m2026-03-12T10:39:34.153270Z[0m [32m INFO[0m [2mralph_core::event_loop[0m[2m:[0m Looking for memories at: "/Users/po4yka/GitRep/runatal-ios/.ralph/agent/memories.md" (exists: true)
[2m2026-03-12T10:39:34.153929Z[0m [32m INFO[0m [2mralph_core::event_loop[0m[2m:[0m Successfully loaded 5 memories from store
[2m2026-03-12T10:39:34.153952Z[0m [32m INFO[0m [2mralph_core::event_loop[0m[2m:[0m Injecting 5 memories (2055 chars) into prompt
[2m2026-03-12T10:39:34.154172Z[0m [32m INFO[0m [2mralph_core::event_loop[0m[2m:[0m Injecting scratchpad (6921 chars) into prompt
[2m2026-03-12T10:39:34.154458Z[0m [32m INFO[0m [2mralph_core::event_loop[0m[2m:[0m Injecting ready tasks (2 ready, 2 open, 8 closed) into prompt
[2m2026-03-12T10:43:12.909329Z[0m [32m INFO[0m [2mralph_core::event_loop[0m[2m:[0m Memory injection check: enabled=true, inject=Auto, workspace_root="/Users/po4yka/GitRep/runatal-ios"
[2m2026-03-12T10:43:12.909659Z[0m [32m INFO[0m [2mralph_core::event_loop[0m[2m:[0m Looking for memories at: "/Users/po4yka/GitRep/runatal-ios/.ralph/agent/memories.md" (exists: true)
[2m2026-03-12T10:43:12.912423Z[0m [32m INFO[0m [2mralph_core::event_loop[0m[2m:[0m Successfully loaded 5 memories from store
[2m2026-03-12T10:43:12.912495Z[0m [32m INFO[0m [2mralph_core::event_loop[0m[2m:[0m Injecting 5 memories (2055 chars) into prompt
[2m2026-03-12T10:43:12.912711Z[0m [32m INFO[0m [2mralph_core::event_loop[0m[2m:[0m Injecting scratchpad (7666 chars) into prompt
[2m2026-03-12T10:43:12.912944Z[0m [32m INFO[0m [2mralph_core::event_loop[0m[2m:[0m Injecting ready tasks (1 ready, 1 open, 9 closed) into prompt
[2m2026-03-12T10:49:15.218684Z[0m [32m INFO[0m [2mralph_core::event_loop[0m[2m:[0m Memory injection check: enabled=true, inject=Auto, workspace_root="/Users/po4yka/GitRep/runatal-ios"
[2m2026-03-12T10:49:15.220271Z[0m [32m INFO[0m [2mralph_core::event_loop[0m[2m:[0m Looking for memories at: "/Users/po4yka/GitRep/runatal-ios/.ralph/agent/memories.md" (exists: true)
[2m2026-03-12T10:49:15.221028Z[0m [32m INFO[0m [2mralph_core::event_loop[0m[2m:[0m Successfully loaded 6 memories from store
[2m2026-03-12T10:49:15.221095Z[0m [32m INFO[0m [2mralph_core::event_loop[0m[2m:[0m Injecting 6 memories (2607 chars) into prompt
[2m2026-03-12T10:49:15.221483Z[0m [32m INFO[0m [2mralph_core::event_loop[0m[2m:[0m Injecting scratchpad (8989 chars) into prompt
[2m2026-03-12T10:49:15.221923Z[0m [32m INFO[0m [2mralph_core::event_loop[0m[2m:[0m Injecting ready tasks (0 ready, 0 open, 10 closed) into prompt
[2m2026-03-12T10:57:55.620257Z[0m [32m INFO[0m [2mralph_core::event_loop[0m[2m:[0m Memory injection check: enabled=true, inject=Auto, workspace_root="/Users/po4yka/GitRep/runatal-ios"
[2m2026-03-12T10:57:55.620508Z[0m [32m INFO[0m [2mralph_core::event_loop[0m[2m:[0m Looking for memories at: "/Users/po4yka/GitRep/runatal-ios/.ralph/agent/memories.md" (exists: true)
[2m2026-03-12T10:57:55.620860Z[0m [32m INFO[0m [2mralph_core::event_loop[0m[2m:[0m Successfully loaded 7 memories from store
[2m2026-03-12T10:57:55.620906Z[0m [32m INFO[0m [2mralph_core::event_loop[0m[2m:[0m Injecting 7 memories (3129 chars) into prompt
[2m2026-03-12T10:57:55.621167Z[0m [32m INFO[0m [2mralph_core::event_loop[0m[2m:[0m Injecting scratchpad (10073 chars) into prompt
[2m2026-03-12T10:57:55.621467Z[0m [32m INFO[0m [2mralph_core::event_loop[0m[2m:[0m Injecting ready tasks (0 ready, 0 open, 11 closed) into prompt
[2m2026-03-12T11:06:53.980554Z[0m [32m INFO[0m [2mralph_core::event_loop[0m[2m:[0m Memory injection check: enabled=true, inject=Auto, workspace_root="/Users/po4yka/GitRep/runatal-ios"
[2m2026-03-12T11:06:53.980835Z[0m [32m INFO[0m [2mralph_core::event_loop[0m[2m:[0m Looking for memories at: "/Users/po4yka/GitRep/runatal-ios/.ralph/agent/memories.md" (exists: true)
[2m2026-03-12T11:06:53.981197Z[0m [32m INFO[0m [2mralph_core::event_loop[0m[2m:[0m Successfully loaded 8 memories from store
[2m2026-03-12T11:06:53.981235Z[0m [32m INFO[0m [2mralph_core::event_loop[0m[2m:[0m Injecting 8 memories (3655 chars) into prompt
[2m2026-03-12T11:06:53.981491Z[0m [32m INFO[0m [2mralph_core::event_loop[0m[2m:[0m Injecting scratchpad (11548 chars) into prompt
[2m2026-03-12T11:06:53.981916Z[0m [32m INFO[0m [2mralph_core::event_loop[0m[2m:[0m Injecting ready tasks (0 ready, 0 open, 12 closed) into prompt
[2m2026-03-12T11:17:34.926442Z[0m [32m INFO[0m [2mralph_core::event_loop[0m[2m:[0m Memory injection check: enabled=true, inject=Auto, workspace_root="/Users/po4yka/GitRep/runatal-ios"
[2m2026-03-12T11:17:34.926683Z[0m [32m INFO[0m [2mralph_core::event_loop[0m[2m:[0m Looking for memories at: "/Users/po4yka/GitRep/runatal-ios/.ralph/agent/memories.md" (exists: true)
[2m2026-03-12T11:17:34.928434Z[0m [32m INFO[0m [2mralph_core::event_loop[0m[2m:[0m Successfully loaded 9 memories from store
[2m2026-03-12T11:17:34.928453Z[0m [32m INFO[0m [2mralph_core::event_loop[0m[2m:[0m Injecting 9 memories (4122 chars) into prompt
[2m2026-03-12T11:17:34.928648Z[0m [32m INFO[0m [2mralph_core::event_loop[0m[2m:[0m Injecting scratchpad (12512 chars) into prompt
[2m2026-03-12T11:17:34.929130Z[0m [32m INFO[0m [2mralph_core::event_loop[0m[2m:[0m Injecting ready tasks (0 ready, 0 open, 13 closed) into prompt
[2m2026-03-12T11:23:59.322675Z[0m [32m INFO[0m [2mralph_core::event_loop[0m[2m:[0m Memory injection check: enabled=true, inject=Auto, workspace_root="/Users/po4yka/GitRep/runatal-ios"
[2m2026-03-12T11:23:59.329723Z[0m [32m INFO[0m [2mralph_core::event_loop[0m[2m:[0m Looking for memories at: "/Users/po4yka/GitRep/runatal-ios/.ralph/agent/memories.md" (exists: true)
[2m2026-03-12T11:23:59.336951Z[0m [32m INFO[0m [2mralph_core::event_loop[0m[2m:[0m Successfully loaded 10 memories from store
[2m2026-03-12T11:23:59.336987Z[0m [32m INFO[0m [2mralph_core::event_loop[0m[2m:[0m Injecting 10 memories (4579 chars) into prompt
[2m2026-03-12T11:23:59.344095Z[0m [32m INFO[0m [2mralph_core::event_loop[0m[2m:[0m Injecting scratchpad (13374 chars) into prompt
[2m2026-03-12T11:23:59.351274Z[0m [32m INFO[0m [2mralph_core::event_loop[0m[2m:[0m Injecting ready tasks (0 ready, 3 open, 14 closed) into prompt
[2m2026-03-12T11:29:48.053155Z[0m [32m INFO[0m [2mralph_core::event_loop[0m[2m:[0m Memory injection check: enabled=true, inject=Auto, workspace_root="/Users/po4yka/GitRep/runatal-ios"
[2m2026-03-12T11:29:48.053502Z[0m [32m INFO[0m [2mralph_core::event_loop[0m[2m:[0m Looking for memories at: "/Users/po4yka/GitRep/runatal-ios/.ralph/agent/memories.md" (exists: true)
[2m2026-03-12T11:29:48.053949Z[0m [32m INFO[0m [2mralph_core::event_loop[0m[2m:[0m Successfully loaded 11 memories from store
[2m2026-03-12T11:29:48.053991Z[0m [32m INFO[0m [2mralph_core::event_loop[0m[2m:[0m Injecting 11 memories (4943 chars) into prompt
[2m2026-03-12T11:29:48.054274Z[0m [32m INFO[0m [2mralph_core::event_loop[0m[2m:[0m Injecting scratchpad (14119 chars) into prompt
[2m2026-03-12T11:29:48.054586Z[0m [32m INFO[0m [2mralph_core::event_loop[0m[2m:[0m Injecting ready tasks (0 ready, 2 open, 15 closed) into prompt
[2m2026-03-12T11:39:51.831890Z[0m [32m INFO[0m [2mralph_core::event_loop[0m[2m:[0m Memory injection check: enabled=true, inject=Auto, workspace_root="/Users/po4yka/GitRep/runatal-ios"
[2m2026-03-12T11:39:51.832505Z[0m [32m INFO[0m [2mralph_core::event_loop[0m[2m:[0m Looking for memories at: "/Users/po4yka/GitRep/runatal-ios/.ralph/agent/memories.md" (exists: true)
[2m2026-03-12T11:39:51.833660Z[0m [32m INFO[0m [2mralph_core::event_loop[0m[2m:[0m Successfully loaded 12 memories from store
[2m2026-03-12T11:39:51.833712Z[0m [32m INFO[0m [2mralph_core::event_loop[0m[2m:[0m Injecting 12 memories (5349 chars) into prompt
[2m2026-03-12T11:39:51.834025Z[0m [32m INFO[0m [2mralph_core::event_loop[0m[2m:[0m Injecting scratchpad (14868 chars) into prompt
[2m2026-03-12T11:39:51.834405Z[0m [32m INFO[0m [2mralph_core::event_loop[0m[2m:[0m Injecting ready tasks (0 ready, 1 open, 16 closed) into prompt
[2m2026-03-12T11:43:15.995526Z[0m [32m INFO[0m [2mralph_core::event_loop[0m[2m:[0m Memory injection check: enabled=true, inject=Auto, workspace_root="/Users/po4yka/GitRep/runatal-ios"
[2m2026-03-12T11:43:15.997249Z[0m [32m INFO[0m [2mralph_core::event_loop[0m[2m:[0m Looking for memories at: "/Users/po4yka/GitRep/runatal-ios/.ralph/agent/memories.md" (exists: true)
[2m2026-03-12T11:43:15.997872Z[0m [32m INFO[0m [2mralph_core::event_loop[0m[2m:[0m Successfully loaded 12 memories from store
[2m2026-03-12T11:43:15.997995Z[0m [32m INFO[0m [2mralph_core::event_loop[0m[2m:[0m Injecting 12 memories (5349 chars) into prompt
[2m2026-03-12T11:43:15.998219Z[0m [32m INFO[0m [2mralph_core::event_loop[0m[2m:[0m Injecting scratchpad (15212 chars) into prompt
[2m2026-03-12T11:43:15.998480Z[0m [32m INFO[0m [2mralph_core::event_loop[0m[2m:[0m Injecting ready tasks (0 ready, 0 open, 17 closed) into prompt
[2m2026-03-12T11:55:17.777875Z[0m [32m INFO[0m [2mralph_core::event_loop[0m[2m:[0m Memory injection check: enabled=true, inject=Auto, workspace_root="/Users/po4yka/GitRep/runatal-ios"
[2m2026-03-12T11:55:17.778473Z[0m [32m INFO[0m [2mralph_core::event_loop[0m[2m:[0m Looking for memories at: "/Users/po4yka/GitRep/runatal-ios/.ralph/agent/memories.md" (exists: true)
[2m2026-03-12T11:55:17.780191Z[0m [32m INFO[0m [2mralph_core::event_loop[0m[2m:[0m Successfully loaded 13 memories from store
[2m2026-03-12T11:55:17.780307Z[0m [32m INFO[0m [2mralph_core::event_loop[0m[2m:[0m Injecting 13 memories (5817 chars) into prompt
[2m2026-03-12T11:55:17.780787Z[0m [32m INFO[0m [2mralph_core::event_loop[0m[2m:[0m Injecting scratchpad (16091 chars) into prompt
[2m2026-03-12T11:55:17.781338Z[0m [32m INFO[0m [2mralph_core::event_loop[0m[2m:[0m Injecting ready tasks (4 ready, 4 open, 18 closed) into prompt
[2m2026-03-12T12:03:01.686931Z[0m [32m INFO[0m [2mralph_core::event_loop[0m[2m:[0m Memory injection check: enabled=true, inject=Auto, workspace_root="/Users/po4yka/GitRep/runatal-ios"
[2m2026-03-12T12:03:01.687275Z[0m [32m INFO[0m [2mralph_core::event_loop[0m[2m:[0m Looking for memories at: "/Users/po4yka/GitRep/runatal-ios/.ralph/agent/memories.md" (exists: true)
[2m2026-03-12T12:03:01.687642Z[0m [32m INFO[0m [2mralph_core::event_loop[0m[2m:[0m Successfully loaded 14 memories from store
[2m2026-03-12T12:03:01.687669Z[0m [32m INFO[0m [2mralph_core::event_loop[0m[2m:[0m Injecting 14 memories (6268 chars) into prompt
[2m2026-03-12T12:03:01.687923Z[0m [32m INFO[0m [2mralph_core::event_loop[0m[2m:[0m Injecting scratchpad (15999 chars) into prompt
[2m2026-03-12T12:03:01.688218Z[0m [32m INFO[0m [2mralph_core::event_loop[0m[2m:[0m Injecting ready tasks (2 ready, 2 open, 20 closed) into prompt
[2m2026-03-12T12:08:50.953240Z[0m [32m INFO[0m [2mralph_core::event_loop[0m[2m:[0m Memory injection check: enabled=true, inject=Auto, workspace_root="/Users/po4yka/GitRep/runatal-ios"
[2m2026-03-12T12:08:50.953767Z[0m [32m INFO[0m [2mralph_core::event_loop[0m[2m:[0m Looking for memories at: "/Users/po4yka/GitRep/runatal-ios/.ralph/agent/memories.md" (exists: true)
[2m2026-03-12T12:08:50.954494Z[0m [32m INFO[0m [2mralph_core::event_loop[0m[2m:[0m Successfully loaded 15 memories from store
[2m2026-03-12T12:08:50.954547Z[0m [32m INFO[0m [2mralph_core::event_loop[0m[2m:[0m Injecting 15 memories (6723 chars) into prompt
[2m2026-03-12T12:08:50.954733Z[0m [32m INFO[0m [2mralph_core::event_loop[0m[2m:[0m Injecting scratchpad (16207 chars) into prompt
[2m2026-03-12T12:08:50.955062Z[0m [32m INFO[0m [2mralph_core::event_loop[0m[2m:[0m Injecting ready tasks (0 ready, 0 open, 22 closed) into prompt
[2m2026-03-12T12:15:29.322283Z[0m [32m INFO[0m [2mralph_core::event_loop[0m[2m:[0m Memory injection check: enabled=true, inject=Auto, workspace_root="/Users/po4yka/GitRep/runatal-ios"
[2m2026-03-12T12:15:29.325390Z[0m [32m INFO[0m [2mralph_core::event_loop[0m[2m:[0m Looking for memories at: "/Users/po4yka/GitRep/runatal-ios/.ralph/agent/memories.md" (exists: true)
[2m2026-03-12T12:15:29.335022Z[0m [32m INFO[0m [2mralph_core::event_loop[0m[2m:[0m Successfully loaded 16 memories from store
[2m2026-03-12T12:15:29.338289Z[0m [32m INFO[0m [2mralph_core::event_loop[0m[2m:[0m Injecting 16 memories (7065 chars) into prompt
[2m2026-03-12T12:15:29.338808Z[0m [32m INFO[0m [2mralph_core::event_loop[0m[2m:[0m Injecting scratchpad (16242 chars) into prompt
[2m2026-03-12T12:15:29.340165Z[0m [32m INFO[0m [2mralph_core::event_loop[0m[2m:[0m Injecting ready tasks (3 ready, 3 open, 23 closed) into prompt
[2m2026-03-12T12:19:21.418918Z[0m [32m INFO[0m [2mralph_core::event_loop[0m[2m:[0m Memory injection check: enabled=true, inject=Auto, workspace_root="/Users/po4yka/GitRep/runatal-ios"
[2m2026-03-12T12:19:21.419210Z[0m [32m INFO[0m [2mralph_core::event_loop[0m[2m:[0m Looking for memories at: "/Users/po4yka/GitRep/runatal-ios/.ralph/agent/memories.md" (exists: true)
[2m2026-03-12T12:19:21.419803Z[0m [32m INFO[0m [2mralph_core::event_loop[0m[2m:[0m Successfully loaded 17 memories from store
[2m2026-03-12T12:19:21.419864Z[0m [32m INFO[0m [2mralph_core::event_loop[0m[2m:[0m Injecting 17 memories (7491 chars) into prompt
[2m2026-03-12T12:19:21.420419Z[0m [32m INFO[0m [2mralph_core::event_loop[0m[2m:[0m Injecting scratchpad (16316 chars) into prompt
[2m2026-03-12T12:19:21.420991Z[0m [32m INFO[0m [2mralph_core::event_loop[0m[2m:[0m Injecting ready tasks (2 ready, 2 open, 24 closed) into prompt
[2m2026-03-12T12:25:36.913228Z[0m [32m INFO[0m [2mralph_core::event_loop[0m[2m:[0m Memory injection check: enabled=true, inject=Auto, workspace_root="/Users/po4yka/GitRep/runatal-ios"
[2m2026-03-12T12:25:36.913694Z[0m [32m INFO[0m [2mralph_core::event_loop[0m[2m:[0m Looking for memories at: "/Users/po4yka/GitRep/runatal-ios/.ralph/agent/memories.md" (exists: true)
[2m2026-03-12T12:25:36.914327Z[0m [32m INFO[0m [2mralph_core::event_loop[0m[2m:[0m Successfully loaded 18 memories from store
[2m2026-03-12T12:25:36.914409Z[0m [32m INFO[0m [2mralph_core::event_loop[0m[2m:[0m Injecting 18 memories (7988 chars) into prompt
[2m2026-03-12T12:25:36.914819Z[0m [32m INFO[0m [2mralph_core::event_loop[0m[2m:[0m Injecting scratchpad (16391 chars) into prompt
[2m2026-03-12T12:25:36.915298Z[0m [32m INFO[0m [2mralph_core::event_loop[0m[2m:[0m Injecting ready tasks (0 ready, 0 open, 26 closed) into prompt
[2m2026-03-12T12:33:31.579359Z[0m [32m INFO[0m [2mralph_core::event_loop[0m[2m:[0m Memory injection check: enabled=true, inject=Auto, workspace_root="/Users/po4yka/GitRep/runatal-ios"
[2m2026-03-12T12:33:31.579748Z[0m [32m INFO[0m [2mralph_core::event_loop[0m[2m:[0m Looking for memories at: "/Users/po4yka/GitRep/runatal-ios/.ralph/agent/memories.md" (exists: true)
[2m2026-03-12T12:33:31.580251Z[0m [32m INFO[0m [2mralph_core::event_loop[0m[2m:[0m Successfully loaded 19 memories from store
[2m2026-03-12T12:33:31.580298Z[0m [32m INFO[0m [2mralph_core::event_loop[0m[2m:[0m Injecting 19 memories (8623 chars) into prompt
[2m2026-03-12T12:33:31.580589Z[0m [32m INFO[0m [2mralph_core::event_loop[0m[2m:[0m Injecting scratchpad (16481 chars) into prompt
[2m2026-03-12T12:33:31.580997Z[0m [32m INFO[0m [2mralph_core::event_loop[0m[2m:[0m Injecting ready tasks (1 ready, 2 open, 27 closed) into prompt
[2m2026-03-12T12:41:32.381942Z[0m [32m INFO[0m [2mralph_core::event_loop[0m[2m:[0m Memory injection check: enabled=true, inject=Auto, workspace_root="/Users/po4yka/GitRep/runatal-ios"
[2m2026-03-12T12:41:32.382369Z[0m [32m INFO[0m [2mralph_core::event_loop[0m[2m:[0m Looking for memories at: "/Users/po4yka/GitRep/runatal-ios/.ralph/agent/memories.md" (exists: true)
[2m2026-03-12T12:41:32.383090Z[0m [32m INFO[0m [2mralph_core::event_loop[0m[2m:[0m Successfully loaded 20 memories from store
[2m2026-03-12T12:41:32.383167Z[0m [32m INFO[0m [2mralph_core::event_loop[0m[2m:[0m Injecting 20 memories (9224 chars) into prompt
[2m2026-03-12T12:41:32.383747Z[0m [32m INFO[0m [2mralph_core::event_loop[0m[2m:[0m Injecting scratchpad (16605 chars) into prompt
[2m2026-03-12T12:41:32.384350Z[0m [32m INFO[0m [2mralph_core::event_loop[0m[2m:[0m Injecting ready tasks (0 ready, 0 open, 29 closed) into prompt
[2m2026-03-12T12:45:34.109734Z[0m [32m INFO[0m [2mralph::loop_runner[0m[2m:[0m All done! LOOP_COMPLETE detected in solo output.
[2m2026-03-12T12:45:34.111310Z[0m [32m INFO[0m [2mralph_core::event_loop[0m[2m:[0m Wrapping up: completed. 26 iterations in 2h 49m 59s. [3mreason[0m[2m=[0mcompleted [3miterations[0m[2m=[0m26 [3mduration[0m[2m=[0m2h 49m 59s
[2m2026-03-12T12:45:34.152750Z[0m [32m INFO[0m [2mralph_core::landing[0m[2m:[0m Beginning landing sequence [3mloop_id[0m[2m=[0mprimary
